Arguments: 
  /usr/local/bin/node /usr/local/bin/yarn jest

PATH: 
  /Library/Frameworks/Python.framework/Versions/3.6/bin:/usr/bin:/bin:/usr/sbin:/sbin:/usr/local/bin:/Library/Frameworks/Python.framework/Versions/3.6/bin

Yarn version: 
  1.5.1

Node version: 
  8.10.0

Platform: 
  darwin x64

npm manifest: 
  {
    "name": "Data-Structures",
    "version": "1.0.0",
    "description": "LambdaSchool's Data Structures repository",
    "main": "index.js",
    "scripts": {
      "test": "jest --verbose",
      "test:watch": "npm test -- --watch"
    },
    "repository": {
      "type": "git",
      "url": "git+https://github.com/LambdaSchool/Data-Structures.git"
    },
    "author": "Sean Chen",
    "license": "ISC",
    "bugs": {
      "url": "https://github.com/LambdaSchool/Data-Structures/issues"
    },
    "homepage": "https://github.com/LambdaSchool/Data-Structures/#readme",
    "devDependencies": {
      "jest": "^22.4.3",
      "regenerator-runtime": "^0.10.3",
      "sinon": "^5.0.7"
    }
  }

yarn manifest: 
  No manifest

Lockfile: 
  No lockfile

Trace: 
  Error: Command failed.
  Exit code: 1
  Command: sh
  Arguments: -c /Users/kevintan/git/Week14-Data_Structures/Data-Structures/node_modules/.bin/jest
  Directory: /Users/kevintan/git/Week14-Data_Structures/Data-Structures
  Output:
  
      at ProcessTermError.MessageError (/usr/local/lib/node_modules/yarn/lib/cli.js:186:110)
      at new ProcessTermError (/usr/local/lib/node_modules/yarn/lib/cli.js:226:113)
      at ChildProcess.<anonymous> (/usr/local/lib/node_modules/yarn/lib/cli.js:30281:17)
      at emitTwo (events.js:126:13)
      at ChildProcess.emit (events.js:214:7)
      at maybeClose (internal/child_process.js:925:16)
      at Process.ChildProcess._handle.onexit (internal/child_process.js:209:5)
